<?xml version="1.0" encoding="UTF-8" ?>
<testsuite tests="4" failures="0" name="cdu.xeon.forum.dao.TestQuestionDao" time="2.687" errors="0" skipped="0">
  <properties>
[...]
</properties>
  <testcase classname="cdu.xeon.forum.dao.TestQuestionDao" name="testSearchQuestionByKeyword" time="0.79"/>
  <testcase classname="cdu.xeon.forum.dao.TestQuestionDao" name="testFindRecommendQuestion" time="0.675"/>
  <testcase classname="cdu.xeon.forum.dao.TestQuestionDao" name="testSearchQuestion" time="0.566"/>
  <testcase classname="cdu.xeon.forum.dao.TestQuestionDao" name="testFindByCts" time="0.656"/>
</testsuite>