<?xml version="1.0" encoding="UTF-8" ?>
<testsuite tests="9" failures="0" name="cdu.xeon.forum.dao.TestAttachmentDao" time="40.919" errors="1" skipped="0">
  <properties>
[...]
</properties>
  <testcase classname="cdu.xeon.forum.dao.TestAttachmentDao" name="testListIndexPic" time="5.492">
    <error message="table.column=t_channel.custom_link_url value is empty but must contain a value (to disable this feature check, set DatabaseConfig.FEATURE_ALLOW_EMPTY_FIELDS to true)" type="java.lang.IllegalArgumentException">java.lang.IllegalArgumentException: table.column=t_channel.custom_link_url value is empty but must contain a value (to disable this feature check, set DatabaseConfig.FEATURE_ALLOW_EMPTY_FIELDS to true)
	at org.dbunit.operation.AbstractBatchOperation.handleColumnHasNoValue(AbstractBatchOperation.java:260)
	at org.dbunit.operation.AbstractBatchOperation.execute(AbstractBatchOperation.java:207)
	at org.dbunit.operation.CompositeOperation.execute(CompositeOperation.java:79)
	at cdu.xeon.basic.test.util.AbstractDbUnitTestCase.resumeTable(AbstractDbUnitTestCase.java:84)
	at cdu.xeon.forum.dao.TestAttachmentDao.tearDown(TestAttachmentDao.java:142)
	at sun.reflect.NativeMethodAccessorImpl.invoke0(Native Method)
	at sun.reflect.NativeMethodAccessorImpl.invoke(NativeMethodAccessorImpl.java:62)
	at sun.reflect.DelegatingMethodAccessorImpl.invoke(DelegatingMethodAccessorImpl.java:43)
	at java.lang.reflect.Method.invoke(Method.java:498)
	at org.junit.runners.model.FrameworkMethod$1.runReflectiveCall(FrameworkMethod.java:50)
	at org.junit.internal.runners.model.ReflectiveCallable.run(ReflectiveCallable.java:12)
	at org.junit.runners.model.FrameworkMethod.invokeExplosively(FrameworkMethod.java:47)
	at org.junit.internal.runners.statements.RunAfters.evaluate(RunAfters.java:33)
	at org.springframework.test.context.junit4.statements.RunAfterTestMethodCallbacks.evaluate(RunAfterTestMethodCallbacks.java:86)
	at org.springframework.test.context.junit4.statements.SpringRepeat.evaluate(SpringRepeat.java:84)
	at org.junit.runners.ParentRunner.runLeaf(ParentRunner.java:325)
	at org.springframework.test.context.junit4.SpringJUnit4ClassRunner.runChild(SpringJUnit4ClassRunner.java:252)
	at org.springframework.test.context.junit4.SpringJUnit4ClassRunner.runChild(SpringJUnit4ClassRunner.java:94)
	at org.junit.runners.ParentRunner$3.run(ParentRunner.java:290)
	at org.junit.runners.ParentRunner$1.schedule(ParentRunner.java:71)
	at org.junit.runners.ParentRunner.runChildren(ParentRunner.java:288)
	at org.junit.runners.ParentRunner.access$000(ParentRunner.java:58)
	at org.junit.runners.ParentRunner$2.evaluate(ParentRunner.java:268)
	at org.junit.internal.runners.statements.RunBefores.evaluate(RunBefores.java:26)
	at org.springframework.test.context.junit4.statements.RunBeforeTestClassCallbacks.evaluate(RunBeforeTestClassCallbacks.java:61)
	at org.junit.internal.runners.statements.RunAfters.evaluate(RunAfters.java:27)
	at org.springframework.test.context.junit4.statements.RunAfterTestClassCallbacks.evaluate(RunAfterTestClassCallbacks.java:70)
	at org.junit.runners.ParentRunner.run(ParentRunner.java:363)
	at org.springframework.test.context.junit4.SpringJUnit4ClassRunner.run(SpringJUnit4ClassRunner.java:191)
	at org.apache.maven.surefire.junit4.JUnit4Provider.execute(JUnit4Provider.java:252)
	at org.apache.maven.surefire.junit4.JUnit4Provider.executeTestSet(JUnit4Provider.java:141)
	at org.apache.maven.surefire.junit4.JUnit4Provider.invoke(JUnit4Provider.java:112)
	at sun.reflect.NativeMethodAccessorImpl.invoke0(Native Method)
	at sun.reflect.NativeMethodAccessorImpl.invoke(NativeMethodAccessorImpl.java:62)
	at sun.reflect.DelegatingMethodAccessorImpl.invoke(DelegatingMethodAccessorImpl.java:43)
	at java.lang.reflect.Method.invoke(Method.java:498)
	at org.apache.maven.surefire.util.ReflectionUtils.invokeMethodWithArray(ReflectionUtils.java:189)
	at org.apache.maven.surefire.booter.ProviderFactory$ProviderProxy.invoke(ProviderFactory.java:165)
	at org.apache.maven.surefire.booter.ProviderFactory.invokeProvider(ProviderFactory.java:85)
	at org.apache.maven.surefire.booter.ForkedBooter.runSuitesInProcess(ForkedBooter.java:115)
	at org.apache.maven.surefire.booter.ForkedBooter.main(ForkedBooter.java:75)
</error>
    <system-out>Hibernate: select attachment0_.id as col_0_0_, attachment0_.new_name as col_1_0_, attachment0_.old_name as col_2_0_, attachment0_.type as col_3_0_, attachment0_.suffix as col_4_0_, attachment0_.size as col_5_0_, attachment0_.is_index_pic as col_6_0_, attachment0_.is_img as col_7_0_, attachment0_.is_attach as col_8_0_, attachment0_.tid as col_9_0_, topic1_.title as col_10_0_, topic1_.publish_date as col_11_0_, topic1_.author as col_12_0_ from t_attachment attachment0_, t_topic topic1_ where attachment0_.tid=topic1_.id and attachment0_.is_index_pic=? and topic1_.status=1 and attachment0_.is_img=1 limit ?
----------------------Attachment [id=7, newName=bb7, oldName=aa7, type=gif, suffix=gif, size=123, isIndexPic=1, isImg=1, topic=Topic [id=4, title=dededede1], isAttach=0]--------------------
23:06:01,232 ERROR AbstractBatchOperation:258 - execute: table.column=t_channel.custom_link_url value is empty but must contain a value (to disable this feature check, set DatabaseConfig.FEATURE_ALLOW_EMPTY_FIELDS to true)
</system-out>
    <system-err>Sat Apr 28 23:05:55 ACST 2018 WARN: Establishing SSL connection without server&apos;s identity verification is not recommended. According to MySQL 5.5.45+, 5.6.26+ and 5.7.6+ requirements SSL connection must be established by default if explicit option isn&apos;t set. For compliance with existing applications not using SSL the verifyServerCertificate property is set to &apos;false&apos;. You need either to explicitly disable SSL by setting useSSL=false, or set useSSL=true and provide truststore for server certificate verification.
Sat Apr 28 23:05:58 ACST 2018 WARN: Establishing SSL connection without server&apos;s identity verification is not recommended. According to MySQL 5.5.45+, 5.6.26+ and 5.7.6+ requirements SSL connection must be established by default if explicit option isn&apos;t set. For compliance with existing applications not using SSL the verifyServerCertificate property is set to &apos;false&apos;. You need either to explicitly disable SSL by setting useSSL=false, or set useSSL=true and provide truststore for server certificate verification.
</system-err>
  </testcase>
  <testcase classname="cdu.xeon.forum.dao.TestAttachmentDao" name="testFindNoUseAttachment" time="4.545"/>
  <testcase classname="cdu.xeon.forum.dao.TestAttachmentDao" name="testListAllPic" time="4.42"/>
  <testcase classname="cdu.xeon.forum.dao.TestAttachmentDao" name="testListAttachByTopic" time="4.377"/>
  <testcase classname="cdu.xeon.forum.dao.TestAttachmentDao" name="testListByTopic" time="4.64"/>
  <testcase classname="cdu.xeon.forum.dao.TestAttachmentDao" name="testFindChannelPic" time="4.898"/>
  <testcase classname="cdu.xeon.forum.dao.TestAttachmentDao" name="testClearNoUseAttachment" time="4.31"/>
  <testcase classname="cdu.xeon.forum.dao.TestAttachmentDao" name="testFindNoUseNum" time="4.094"/>
  <testcase classname="cdu.xeon.forum.dao.TestAttachmentDao" name="testDeleteByTopic" time="4.143"/>
</testsuite>